<?xml version="1.0" encoding="UTF-8"?>
<!-- Generated by org.testng.reporters.JUnitReportReporter -->
<testsuite skipped="0" hostname="LPT1447" name="pk_OrangeHRM.Verify_Text_In_PDF" tests="2" failures="0" timestamp="14 Jun 2022 12:59:24 GMT" time="16.258" errors="0">
  <testcase name="testVerifyPDFTextInBrowser" time="4.203" classname="pk_OrangeHRM.Verify_Text_In_PDF"/>
  <testcase name="testVerifyPDFTextUsing_Get" time="12.055" classname="pk_OrangeHRM.Verify_Text_In_PDF"/>
</testsuite> <!-- pk_OrangeHRM.Verify_Text_In_PDF -->
