<?xml version="1.0" encoding="UTF-8"?>
<!-- Generated by org.testng.reporters.JUnitReportReporter -->
<testsuite skipped="0" hostname="LPT1447" name="pk_OrangeHRM.HTTP_authentication" tests="1" failures="0" timestamp="15 Jun 2022 09:34:52 GMT" time="4.190" errors="0">
  <testcase name="HTTPAuth" time="4.190" classname="pk_OrangeHRM.HTTP_authentication"/>
</testsuite> <!-- pk_OrangeHRM.HTTP_authentication -->
