<?xml version="1.0" encoding="UTF-8"?>
<!-- Generated by org.testng.reporters.JUnitReportReporter -->
<testsuite skipped="0" hostname="LPT1447" name="pk_OrangeHRM.Yatra_MouseOver_Example" tests="1" failures="0" timestamp="15 Jun 2022 09:34:52 GMT" time="37.839" errors="0">
  <testcase name="MouseHoverYatra" time="37.839" classname="pk_OrangeHRM.Yatra_MouseOver_Example"/>
</testsuite> <!-- pk_OrangeHRM.Yatra_MouseOver_Example -->
