<?xml version="1.0" encoding="UTF-8"?>
<!-- Generated by org.testng.reporters.JUnitReportReporter -->
<testsuite skipped="0" hostname="LPT1447" name="pk_OrangeHRM.GoogleAll_Links_Verify" tests="1" failures="0" timestamp="07 Jun 2022 11:47:45 GMT" time="235.274" errors="0">
  <testcase name="NavigateToAllLinks" time="235.274" classname="pk_OrangeHRM.GoogleAll_Links_Verify"/>
</testsuite> <!-- pk_OrangeHRM.GoogleAll_Links_Verify -->
