<?xml version="1.0" encoding="UTF-8"?>
<!-- Generated by org.testng.reporters.JUnitReportReporter -->
<testsuite skipped="0" hostname="LPT1447" name="pk_OrangeHRM.OrangeHRM_Login_Parameters" tests="3" failures="0" timestamp="08 Jun 2022 12:15:56 GMT" time="40.710" errors="0">
  <testcase name="Login" time="13.816" classname="pk_OrangeHRM.OrangeHRM_Login_Parameters"/>
  <testcase name="Login" time="13.637" classname="pk_OrangeHRM.OrangeHRM_Login_Parameters"/>
  <testcase name="Login" time="13.257" classname="pk_OrangeHRM.OrangeHRM_Login_Parameters"/>
</testsuite> <!-- pk_OrangeHRM.OrangeHRM_Login_Parameters -->
