<?xml version="1.0" encoding="UTF-8"?>
<!-- Generated by org.testng.reporters.JUnitReportReporter -->
<testsuite skipped="0" hostname="LPT1447" name="pk_OrangeHRM.Scroll_Down_WebPage_Bottom_Example" tests="1" failures="0" timestamp="14 Jun 2022 07:58:55 GMT" time="18.634" errors="0">
  <testcase name="ByPage" time="18.634" classname="pk_OrangeHRM.Scroll_Down_WebPage_Bottom_Example"/>
</testsuite> <!-- pk_OrangeHRM.Scroll_Down_WebPage_Bottom_Example -->
