<?xml version="1.0" encoding="UTF-8"?>
<!-- Generated by org.testng.reporters.JUnitReportReporter -->
<testsuite skipped="0" hostname="LPT1447" name="pk_OrangeHRM.Drag_Drop_Example" tests="1" failures="0" timestamp="15 Jun 2022 09:34:52 GMT" time="24.994" errors="0">
  <testcase name="DragDrop" time="24.994" classname="pk_OrangeHRM.Drag_Drop_Example"/>
</testsuite> <!-- pk_OrangeHRM.Drag_Drop_Example -->
