<?xml version="1.0" encoding="UTF-8"?>
<!-- Generated by org.testng.reporters.JUnitReportReporter -->
<testsuite skipped="0" hostname="LPT1447" name="pk_OrangeHRM.OrangeHRM_Login_DataProvider" tests="4" failures="0" timestamp="08 Jun 2022 10:33:25 GMT" time="44.695" errors="0">
  <testcase name="LoginToOrangeHRM" time="10.368" classname="pk_OrangeHRM.OrangeHRM_Login_DataProvider"/>
  <testcase name="LoginToOrangeHRM" time="13.431" classname="pk_OrangeHRM.OrangeHRM_Login_DataProvider"/>
  <testcase name="LoginToOrangeHRM" time="10.250" classname="pk_OrangeHRM.OrangeHRM_Login_DataProvider"/>
  <testcase name="LoginToOrangeHRM" time="10.646" classname="pk_OrangeHRM.OrangeHRM_Login_DataProvider"/>
</testsuite> <!-- pk_OrangeHRM.OrangeHRM_Login_DataProvider -->
