<?xml version="1.0" encoding="UTF-8"?>
<!-- Generated by org.testng.reporters.JUnitReportReporter -->
<testsuite skipped="0" hostname="LPT1447" name="pk_OrangeHRM.OrangeHRM_loginAllscenarios" tests="5" failures="0" timestamp="08 Jun 2022 11:07:08 GMT" time="17.661" errors="0">
  <testcase name="LoginToOrangeHRM" time="0.383" classname="pk_OrangeHRM.OrangeHRM_loginAllscenarios"/>
  <testcase name="LoginToOrangeHRM" time="0.539" classname="pk_OrangeHRM.OrangeHRM_loginAllscenarios"/>
  <testcase name="LoginToOrangeHRM" time="2.173" classname="pk_OrangeHRM.OrangeHRM_loginAllscenarios"/>
  <testcase name="LoginToOrangeHRM" time="1.946" classname="pk_OrangeHRM.OrangeHRM_loginAllscenarios"/>
  <testcase name="LoginToOrangeHRM" time="12.620" classname="pk_OrangeHRM.OrangeHRM_loginAllscenarios"/>
</testsuite> <!-- pk_OrangeHRM.OrangeHRM_loginAllscenarios -->
