<?xml version="1.0" encoding="UTF-8"?>
<!-- Generated by org.testng.reporters.JUnitReportReporter -->
<testsuite skipped="0" hostname="LPT1447" name="pk_Web_Orders.UpdateOrders_Verify$AddOrders_VerifyOrders" tests="1" failures="0" timestamp="07 Jun 2022 05:11:51 GMT" time="17.674" errors="0">
  <testcase name="AddUser_VerifyUser" time="17.674" classname="pk_Web_Orders.UpdateOrders_Verify$AddOrders_VerifyOrders"/>
</testsuite> <!-- pk_Web_Orders.UpdateOrders_Verify$AddOrders_VerifyOrders -->
