<?xml version="1.0" encoding="UTF-8"?>
<!-- Generated by org.testng.reporters.JUnitReportReporter -->
<testsuite skipped="0" hostname="LPT1447" name="pk_OrangeHRM.SauceLab_Integration_Example" tests="2" failures="0" timestamp="14 Jun 2022 10:52:49 GMT" time="33.178" errors="0">
  <testcase name="SauceLab_Example" time="26.633" classname="pk_OrangeHRM.SauceLab_Integration_Example"/>
  <testcase name="Logout" time="6.545" classname="pk_OrangeHRM.SauceLab_Integration_Example"/>
</testsuite> <!-- pk_OrangeHRM.SauceLab_Integration_Example -->
