<?xml version="1.0" encoding="UTF-8"?>
<!-- Generated by org.testng.reporters.JUnitReportReporter -->
<testsuite skipped="0" hostname="LPT1447" name="pk_OrangeHRM.OrangeHRM_Add_User_Verify_AddedUser" tests="1" failures="0" timestamp="06 Jun 2022 16:51:15 GMT" time="20.062" errors="0">
  <testcase name="AddUser_VerifyUser" time="20.062" classname="pk_OrangeHRM.OrangeHRM_Add_User_Verify_AddedUser"/>
</testsuite> <!-- pk_OrangeHRM.OrangeHRM_Add_User_Verify_AddedUser -->
