<?xml version="1.0" encoding="UTF-8"?>
<!-- Generated by org.testng.reporters.JUnitReportReporter -->
<testsuite skipped="0" hostname="LPT1447" name="pk_OrangeHRM.SSL_Certificate_Example_All_Browsers" tests="1" failures="0" timestamp="14 Jun 2022 08:01:49 GMT" time="1.632" errors="0">
  <testcase name="openApplication" time="1.632" classname="pk_OrangeHRM.SSL_Certificate_Example_All_Browsers"/>
</testsuite> <!-- pk_OrangeHRM.SSL_Certificate_Example_All_Browsers -->
