<?xml version="1.0" encoding="UTF-8"?>
<!-- Generated by org.testng.reporters.JUnitReportReporter -->
<testsuite skipped="0" hostname="LPT1447" name="pk_OrangeHRM.Scroll_ToElement_Example" tests="1" failures="0" timestamp="14 Jun 2022 08:00:18 GMT" time="23.376" errors="0">
  <testcase name="ScrollElement" time="23.376" classname="pk_OrangeHRM.Scroll_ToElement_Example"/>
</testsuite> <!-- pk_OrangeHRM.Scroll_ToElement_Example -->
