<?xml version="1.0" encoding="UTF-8"?>
<!-- Generated by org.testng.reporters.JUnitReportReporter -->
<testsuite skipped="0" hostname="LPT1447" name="pk_OrangeHRM.Connect_DB_Direct" tests="1" failures="0" timestamp="10 Jun 2022 09:49:19 GMT" time="1.968" errors="0">
  <testcase name="ConnectSQLDB" time="1.968" classname="pk_OrangeHRM.Connect_DB_Direct"/>
</testsuite> <!-- pk_OrangeHRM.Connect_DB_Direct -->
