<?xml version="1.0" encoding="UTF-8"?>
<!-- Generated by org.testng.reporters.JUnitReportReporter -->
<testsuite skipped="0" hostname="LPT1447" name="pk_OrangeHRM.OrangeHRM_Login" tests="1" failures="0" timestamp="15 Jun 2022 09:38:20 GMT" time="22.220" errors="0">
  <testcase name="Login_Verification" time="22.220" classname="pk_OrangeHRM.OrangeHRM_Login"/>
</testsuite> <!-- pk_OrangeHRM.OrangeHRM_Login -->
