<?xml version="1.0" encoding="UTF-8"?>
<!-- Generated by org.testng.reporters.JUnitReportReporter -->
<testsuite skipped="0" hostname="LPT1447" name="pk_OrangeHRM.OrangeHRM_AddUser_DeleteUser_Verification" tests="3" failures="0" timestamp="06 Jun 2022 16:58:05 GMT" time="30.194" errors="0">
  <testcase name="Sign_On" time="6.080" classname="pk_OrangeHRM.OrangeHRM_AddUser_DeleteUser_Verification"/>
  <testcase name="AddUsers_Page" time="2.951" classname="pk_OrangeHRM.OrangeHRM_AddUser_DeleteUser_Verification"/>
  <testcase name="VerifyDeletedUser" time="21.163" classname="pk_OrangeHRM.OrangeHRM_AddUser_DeleteUser_Verification"/>
</testsuite> <!-- pk_OrangeHRM.OrangeHRM_AddUser_DeleteUser_Verification -->
