<?xml version="1.0" encoding="UTF-8"?>
<!-- Generated by org.testng.reporters.JUnitReportReporter -->
<testsuite skipped="0" hostname="LPT1447" name="pk_OrangeHRM.Date_Select" tests="1" failures="0" timestamp="14 Jun 2022 09:38:44 GMT" time="12.976" errors="0">
  <testcase name="Date_Select" time="12.976" classname="pk_OrangeHRM.Date_Select"/>
</testsuite> <!-- pk_OrangeHRM.Date_Select -->
