<?xml version="1.0" encoding="UTF-8"?>
<!-- Generated by org.testng.reporters.JUnitReportReporter -->
<testsuite skipped="0" hostname="LPT1447" name="pk_OrangeHRM.Getclass_GetCurrentURL$AddOrders_VerifyOrders_Weborders" tests="2" failures="0" timestamp="07 Jun 2022 10:02:11 GMT" time="11.927" errors="0">
  <testcase name="Login_001" time="7.186" classname="pk_OrangeHRM.Getclass_GetCurrentURL$AddOrders_VerifyOrders_Weborders"/>
  <testcase name="Logout" time="4.741" classname="pk_OrangeHRM.Getclass_GetCurrentURL$AddOrders_VerifyOrders_Weborders"/>
</testsuite> <!-- pk_OrangeHRM.Getclass_GetCurrentURL$AddOrders_VerifyOrders_Weborders -->
