<?xml version="1.0" encoding="UTF-8"?>
<!-- Generated by org.testng.reporters.JUnitReportReporter -->
<testsuite skipped="0" hostname="LPT1447" name="pk_OrangeHRM.OrangeHRM_Login_Logout_Before_After_test" tests="1" failures="0" timestamp="04 Jun 2022 16:24:51 GMT" time="3.219" errors="0">
  <testcase name="Login_Test" time="3.219" classname="pk_OrangeHRM.OrangeHRM_Login_Logout_Before_After_test"/>
</testsuite> <!-- pk_OrangeHRM.OrangeHRM_Login_Logout_Before_After_test -->
