<?xml version="1.0" encoding="UTF-8"?>
<!-- Generated by org.testng.reporters.JUnitReportReporter -->
<testsuite skipped="0" hostname="LPT1447" name="pk_OrangeHRM.Capture_Screenshot_Calling_Base_Class" tests="2" failures="0" timestamp="14 Jun 2022 08:06:56 GMT" time="10.737" errors="0">
  <testcase name="OrangeHRM_Login" time="6.823" classname="pk_OrangeHRM.Capture_Screenshot_Calling_Base_Class"/>
  <testcase name="OrangeHRM_Logout" time="3.914" classname="pk_OrangeHRM.Capture_Screenshot_Calling_Base_Class"/>
</testsuite> <!-- pk_OrangeHRM.Capture_Screenshot_Calling_Base_Class -->
