<?xml version="1.0" encoding="UTF-8"?>
<!-- Generated by org.testng.reporters.JUnitReportReporter -->
<testsuite skipped="0" hostname="LPT1447" name="pk_OrangeHRM.ConnectDB_LoginHRM" tests="1" failures="0" timestamp="10 Jun 2022 10:23:56 GMT" time="19.983" errors="0">
  <testcase name="ConnectSQLDB_With_LoginApp" time="19.983" classname="pk_OrangeHRM.ConnectDB_LoginHRM"/>
</testsuite> <!-- pk_OrangeHRM.ConnectDB_LoginHRM -->
