<?xml version="1.0" encoding="UTF-8"?>
<!-- Generated by org.testng.reporters.JUnitReportReporter -->
<testsuite skipped="0" hostname="LPT1447" name="pk_OrangeHRM.OrangeHRM_Implicitwait" tests="1" failures="0" timestamp="10 Jun 2022 11:28:54 GMT" time="8.413" errors="0">
  <testcase name="Explicit_Wait" time="8.413" classname="pk_OrangeHRM.OrangeHRM_Implicitwait"/>
</testsuite> <!-- pk_OrangeHRM.OrangeHRM_Implicitwait -->
