<?xml version="1.0" encoding="UTF-8"?>
<!-- Generated by org.testng.reporters.JUnitReportReporter -->
<testsuite skipped="0" hostname="LPT1447" name="pk_OrangeHRM.Browser_Navigation_example" tests="1" failures="0" timestamp="07 Jun 2022 11:42:20 GMT" time="11.332" errors="0">
  <testcase name="ForgetPassword" time="11.332" classname="pk_OrangeHRM.Browser_Navigation_example"/>
</testsuite> <!-- pk_OrangeHRM.Browser_Navigation_example -->
