<?xml version="1.0" encoding="UTF-8"?>
<!-- Generated by org.testng.reporters.JUnitReportReporter -->
<testsuite skipped="0" hostname="LPT1447" name="pk_OrangeHRM.Pagination_Example" tests="1" failures="0" timestamp="14 Jun 2022 12:33:15 GMT" time="42.697" errors="0">
  <testcase name="Pagination_Example" time="42.697" classname="pk_OrangeHRM.Pagination_Example"/>
</testsuite> <!-- pk_OrangeHRM.Pagination_Example -->
