<?xml version="1.0" encoding="UTF-8"?>
<!-- Generated by org.testng.reporters.JUnitReportReporter -->
<testsuite skipped="0" hostname="LPT1447" name="pk_OrangeHRM.Headless_browser" tests="1" failures="0" timestamp="07 Jun 2022 12:12:20 GMT" time="14.552" errors="0">
  <testcase name="Firefox_Headless" time="14.552" classname="pk_OrangeHRM.Headless_browser"/>
</testsuite> <!-- pk_OrangeHRM.Headless_browser -->
