<?xml version="1.0" encoding="UTF-8"?>
<!-- Generated by org.testng.reporters.JUnitReportReporter -->
<testsuite skipped="0" hostname="LPT1447" name="pk_OrangeHRM.OrangeHRM_login_TestNG" tests="1" failures="0" timestamp="04 Jun 2022 16:15:24 GMT" time="19.460" errors="0">
  <testcase name="Login_Verification" time="19.460" classname="pk_OrangeHRM.OrangeHRM_login_TestNG"/>
</testsuite> <!-- pk_OrangeHRM.OrangeHRM_login_TestNG -->
