<?xml version="1.0" encoding="UTF-8"?>
<!-- Generated by org.testng.reporters.JUnitReportReporter -->
<testsuite skipped="0" hostname="LPT1447" name="pk_OrangeHRM.OrangeHRM_Login_CSS" tests="1" failures="0" timestamp="04 Jun 2022 17:04:38 GMT" time="13.378" errors="0">
  <testcase name="Login_Verification" time="13.378" classname="pk_OrangeHRM.OrangeHRM_Login_CSS"/>
</testsuite> <!-- pk_OrangeHRM.OrangeHRM_Login_CSS -->
