<?xml version="1.0" encoding="UTF-8"?>
<!-- Generated by org.testng.reporters.JUnitReportReporter -->
<testsuite skipped="0" hostname="LPT1447" name="pk_Web_Orders.AddOrders_VerifyOrders$AddOrders_VerifyOrders_Weborders" tests="1" failures="0" timestamp="07 Jun 2022 05:09:15 GMT" time="11.174" errors="0">
  <testcase name="AddUser_VerifyUser" time="11.174" classname="pk_Web_Orders.AddOrders_VerifyOrders$AddOrders_VerifyOrders_Weborders"/>
</testsuite> <!-- pk_Web_Orders.AddOrders_VerifyOrders$AddOrders_VerifyOrders_Weborders -->
