<?xml version="1.0" encoding="UTF-8"?>
<!-- Generated by org.testng.reporters.JUnitReportReporter -->
<testsuite skipped="0" hostname="LPT1447" name="pk_OrangeHRM.Browser_View_Example" tests="1" failures="0" timestamp="06 Jun 2022 17:00:18 GMT" time="11.975" errors="0">
  <testcase name="SignOn" time="11.975" classname="pk_OrangeHRM.Browser_View_Example"/>
</testsuite> <!-- pk_OrangeHRM.Browser_View_Example -->
