<?xml version="1.0" encoding="UTF-8"?>
<!-- Generated by org.testng.reporters.JUnitReportReporter -->
<testsuite skipped="0" hostname="LPT1447" name="pk_OrangeHRM.Spreecom_AddUsers_Addaddress" tests="1" failures="0" timestamp="09 Jun 2022 09:38:42 GMT" time="51.996" errors="0">
  <testcase name="Login_ValidCredential" time="51.996" classname="pk_OrangeHRM.Spreecom_AddUsers_Addaddress"/>
</testsuite> <!-- pk_OrangeHRM.Spreecom_AddUsers_Addaddress -->
