<?xml version="1.0" encoding="UTF-8"?>
<!-- Generated by org.testng.reporters.JUnitReportReporter -->
<testsuite skipped="0" hostname="LPT1447" name="pk_OrangeHRM.NavigationExample" tests="1" failures="0" timestamp="07 Jun 2022 11:35:05 GMT" time="293.239" errors="0">
  <testcase name="navigateToAllLinks" time="293.239" classname="pk_OrangeHRM.NavigationExample"/>
</testsuite> <!-- pk_OrangeHRM.NavigationExample -->
