<?xml version="1.0" encoding="UTF-8"?>
<!-- Generated by org.testng.reporters.JUnitReportReporter -->
<testsuite skipped="0" hostname="LPT1447" name="pk_OrangeHRM.OrangeHRM_Login_Logout_Priority" tests="2" failures="0" timestamp="04 Jun 2022 16:38:56 GMT" time="3.686" errors="0">
  <testcase name="Login_Test" time="2.411" classname="pk_OrangeHRM.OrangeHRM_Login_Logout_Priority"/>
  <testcase name="Logout_Test" time="1.275" classname="pk_OrangeHRM.OrangeHRM_Login_Logout_Priority"/>
</testsuite> <!-- pk_OrangeHRM.OrangeHRM_Login_Logout_Priority -->
