<?xml version="1.0" encoding="UTF-8"?>
<!-- Generated by org.testng.reporters.JUnitReportReporter -->
<testsuite skipped="0" hostname="LPT1447" name="pk_OrangeHRM.Browser_NavigationCommands" tests="1" failures="0" timestamp="07 Jun 2022 10:15:53 GMT" time="2.625" errors="0">
  <testcase name="ForgetPassword" time="2.625" classname="pk_OrangeHRM.Browser_NavigationCommands"/>
</testsuite> <!-- pk_OrangeHRM.Browser_NavigationCommands -->
