<?xml version="1.0" encoding="UTF-8"?>
<!-- Generated by org.testng.reporters.JUnitReportReporter -->
<testsuite skipped="0" hostname="LPT1447" name="pk_OrangeHRM.OrangeHRM_Login_Logout_Test" tests="1" failures="0" timestamp="04 Jun 2022 16:49:49 GMT" time="13.088" errors="0">
  <testcase name="Login_Verification" time="13.088" classname="pk_OrangeHRM.OrangeHRM_Login_Logout_Test"/>
</testsuite> <!-- pk_OrangeHRM.OrangeHRM_Login_Logout_Test -->
