<?xml version="1.0" encoding="UTF-8"?>
<!-- Generated by org.testng.reporters.JUnitReportReporter -->
<testsuite hostname="LPT1447" name="pk_OrangeHRM.OrangeHRM_Login" tests="1" failures="0" timestamp="15 Jun 2022 11:48:00 GMT" time="23.448" errors="0">
  <testcase name="Login_Verification" time="23.448" classname="pk_OrangeHRM.OrangeHRM_Login"/>
</testsuite> <!-- pk_OrangeHRM.OrangeHRM_Login -->
